<?xml version="1.0" encoding="UTF-8"?>
<testsuite xmlns:xsi="http://www.w3.org/2001/XMLSchema-instance" xsi:noNamespaceSchemaLocation="https://maven.apache.org/surefire/maven-surefire-plugin/xsd/surefire-test-report.xsd" name="com.example.demo.DemoApplicationTests" time="1.357" tests="1" errors="0" skipped="0" failures="0">
  <properties>
    <property name="java.specification.version" value="20"/>
    <property name="sun.jnu.encoding" value="UTF-8"/>
    <property name="java.class.path" value="/Users/remylabitte/Documents/personnal-workspace/springboot-java-api/target/test-classes:/Users/remylabitte/Documents/personnal-workspace/springboot-java-api/target/classes:/Users/remylabitte/.m2/repository/org/springframework/boot/spring-boot-starter-web/3.0.6/spring-boot-starter-web-3.0.6.jar:/Users/remylabitte/.m2/repository/org/springframework/boot/spring-boot-starter/3.0.6/spring-boot-starter-3.0.6.jar:/Users/remylabitte/.m2/repository/org/springframework/boot/spring-boot/3.0.6/spring-boot-3.0.6.jar:/Users/remylabitte/.m2/repository/org/springframework/boot/spring-boot-autoconfigure/3.0.6/spring-boot-autoconfigure-3.0.6.jar:/Users/remylabitte/.m2/repository/org/springframework/boot/spring-boot-starter-logging/3.0.6/spring-boot-starter-logging-3.0.6.jar:/Users/remylabitte/.m2/repository/ch/qos/logback/logback-classic/1.4.7/logback-classic-1.4.7.jar:/Users/remylabitte/.m2/repository/ch/qos/logback/logback-core/1.4.7/logback-core-1.4.7.jar:/Users/remylabitte/.m2/repository/org/apache/logging/log4j/log4j-to-slf4j/2.19.0/log4j-to-slf4j-2.19.0.jar:/Users/remylabitte/.m2/repository/org/apache/logging/log4j/log4j-api/2.19.0/log4j-api-2.19.0.jar:/Users/remylabitte/.m2/repository/org/slf4j/jul-to-slf4j/2.0.7/jul-to-slf4j-2.0.7.jar:/Users/remylabitte/.m2/repository/jakarta/annotation/jakarta.annotation-api/2.1.1/jakarta.annotation-api-2.1.1.jar:/Users/remylabitte/.m2/repository/org/yaml/snakeyaml/1.33/snakeyaml-1.33.jar:/Users/remylabitte/.m2/repository/org/springframework/boot/spring-boot-starter-json/3.0.6/spring-boot-starter-json-3.0.6.jar:/Users/remylabitte/.m2/repository/com/fasterxml/jackson/core/jackson-databind/2.14.2/jackson-databind-2.14.2.jar:/Users/remylabitte/.m2/repository/com/fasterxml/jackson/core/jackson-annotations/2.14.2/jackson-annotations-2.14.2.jar:/Users/remylabitte/.m2/repository/com/fasterxml/jackson/core/jackson-core/2.14.2/jackson-core-2.14.2.jar:/Users/remylabitte/.m2/repository/com/fasterxml/jackson/datatype/jackson-datatype-jdk8/2.14.2/jackson-datatype-jdk8-2.14.2.jar:/Users/remylabitte/.m2/repository/com/fasterxml/jackson/datatype/jackson-datatype-jsr310/2.14.2/jackson-datatype-jsr310-2.14.2.jar:/Users/remylabitte/.m2/repository/com/fasterxml/jackson/module/jackson-module-parameter-names/2.14.2/jackson-module-parameter-names-2.14.2.jar:/Users/remylabitte/.m2/repository/org/springframework/boot/spring-boot-starter-tomcat/3.0.6/spring-boot-starter-tomcat-3.0.6.jar:/Users/remylabitte/.m2/repository/org/apache/tomcat/embed/tomcat-embed-core/10.1.8/tomcat-embed-core-10.1.8.jar:/Users/remylabitte/.m2/repository/org/apache/tomcat/embed/tomcat-embed-el/10.1.8/tomcat-embed-el-10.1.8.jar:/Users/remylabitte/.m2/repository/org/apache/tomcat/embed/tomcat-embed-websocket/10.1.8/tomcat-embed-websocket-10.1.8.jar:/Users/remylabitte/.m2/repository/org/springframework/spring-web/6.0.8/spring-web-6.0.8.jar:/Users/remylabitte/.m2/repository/org/springframework/spring-beans/6.0.8/spring-beans-6.0.8.jar:/Users/remylabitte/.m2/repository/io/micrometer/micrometer-observation/1.10.6/micrometer-observation-1.10.6.jar:/Users/remylabitte/.m2/repository/io/micrometer/micrometer-commons/1.10.6/micrometer-commons-1.10.6.jar:/Users/remylabitte/.m2/repository/org/springframework/spring-webmvc/6.0.8/spring-webmvc-6.0.8.jar:/Users/remylabitte/.m2/repository/org/springframework/spring-aop/6.0.8/spring-aop-6.0.8.jar:/Users/remylabitte/.m2/repository/org/springframework/spring-context/6.0.8/spring-context-6.0.8.jar:/Users/remylabitte/.m2/repository/org/springframework/spring-expression/6.0.8/spring-expression-6.0.8.jar:/Users/remylabitte/.m2/repository/org/projectlombok/lombok/1.18.26/lombok-1.18.26.jar:/Users/remylabitte/.m2/repository/org/springframework/boot/spring-boot-starter-test/3.0.6/spring-boot-starter-test-3.0.6.jar:/Users/remylabitte/.m2/repository/org/springframework/boot/spring-boot-test/3.0.6/spring-boot-test-3.0.6.jar:/Users/remylabitte/.m2/repository/org/springframework/boot/spring-boot-test-autoconfigure/3.0.6/spring-boot-test-autoconfigure-3.0.6.jar:/Users/remylabitte/.m2/repository/com/jayway/jsonpath/json-path/2.7.0/json-path-2.7.0.jar:/Users/remylabitte/.m2/repository/net/minidev/json-smart/2.4.10/json-smart-2.4.10.jar:/Users/remylabitte/.m2/repository/net/minidev/accessors-smart/2.4.9/accessors-smart-2.4.9.jar:/Users/remylabitte/.m2/repository/org/ow2/asm/asm/9.3/asm-9.3.jar:/Users/remylabitte/.m2/repository/org/slf4j/slf4j-api/2.0.7/slf4j-api-2.0.7.jar:/Users/remylabitte/.m2/repository/jakarta/xml/bind/jakarta.xml.bind-api/4.0.0/jakarta.xml.bind-api-4.0.0.jar:/Users/remylabitte/.m2/repository/jakarta/activation/jakarta.activation-api/2.1.1/jakarta.activation-api-2.1.1.jar:/Users/remylabitte/.m2/repository/org/assertj/assertj-core/3.23.1/assertj-core-3.23.1.jar:/Users/remylabitte/.m2/repository/net/bytebuddy/byte-buddy/1.12.23/byte-buddy-1.12.23.jar:/Users/remylabitte/.m2/repository/org/hamcrest/hamcrest/2.2/hamcrest-2.2.jar:/Users/remylabitte/.m2/repository/org/junit/jupiter/junit-jupiter/5.9.2/junit-jupiter-5.9.2.jar:/Users/remylabitte/.m2/repository/org/junit/jupiter/junit-jupiter-api/5.9.2/junit-jupiter-api-5.9.2.jar:/Users/remylabitte/.m2/repository/org/opentest4j/opentest4j/1.2.0/opentest4j-1.2.0.jar:/Users/remylabitte/.m2/repository/org/junit/platform/junit-platform-commons/1.9.2/junit-platform-commons-1.9.2.jar:/Users/remylabitte/.m2/repository/org/apiguardian/apiguardian-api/1.1.2/apiguardian-api-1.1.2.jar:/Users/remylabitte/.m2/repository/org/junit/jupiter/junit-jupiter-params/5.9.2/junit-jupiter-params-5.9.2.jar:/Users/remylabitte/.m2/repository/org/junit/jupiter/junit-jupiter-engine/5.9.2/junit-jupiter-engine-5.9.2.jar:/Users/remylabitte/.m2/repository/org/junit/platform/junit-platform-engine/1.9.2/junit-platform-engine-1.9.2.jar:/Users/remylabitte/.m2/repository/org/mockito/mockito-core/4.8.1/mockito-core-4.8.1.jar:/Users/remylabitte/.m2/repository/net/bytebuddy/byte-buddy-agent/1.12.23/byte-buddy-agent-1.12.23.jar:/Users/remylabitte/.m2/repository/org/objenesis/objenesis/3.2/objenesis-3.2.jar:/Users/remylabitte/.m2/repository/org/mockito/mockito-junit-jupiter/4.8.1/mockito-junit-jupiter-4.8.1.jar:/Users/remylabitte/.m2/repository/org/skyscreamer/jsonassert/1.5.1/jsonassert-1.5.1.jar:/Users/remylabitte/.m2/repository/com/vaadin/external/google/android-json/0.0.20131108.vaadin1/android-json-0.0.20131108.vaadin1.jar:/Users/remylabitte/.m2/repository/org/springframework/spring-core/6.0.8/spring-core-6.0.8.jar:/Users/remylabitte/.m2/repository/org/springframework/spring-jcl/6.0.8/spring-jcl-6.0.8.jar:/Users/remylabitte/.m2/repository/org/springframework/spring-test/6.0.8/spring-test-6.0.8.jar:/Users/remylabitte/.m2/repository/org/xmlunit/xmlunit-core/2.9.1/xmlunit-core-2.9.1.jar:/Users/remylabitte/.m2/repository/com/squareup/retrofit2/retrofit/2.9.0/retrofit-2.9.0.jar:/Users/remylabitte/.m2/repository/com/squareup/okhttp3/okhttp/4.10.0/okhttp-4.10.0.jar:/Users/remylabitte/.m2/repository/com/squareup/okio/okio-jvm/3.0.0/okio-jvm-3.0.0.jar:/Users/remylabitte/.m2/repository/org/jetbrains/kotlin/kotlin-stdlib-jdk8/1.7.22/kotlin-stdlib-jdk8-1.7.22.jar:/Users/remylabitte/.m2/repository/org/jetbrains/kotlin/kotlin-stdlib-jdk7/1.7.22/kotlin-stdlib-jdk7-1.7.22.jar:/Users/remylabitte/.m2/repository/org/jetbrains/kotlin/kotlin-stdlib-common/1.7.22/kotlin-stdlib-common-1.7.22.jar:/Users/remylabitte/.m2/repository/org/jetbrains/kotlin/kotlin-stdlib/1.7.22/kotlin-stdlib-1.7.22.jar:/Users/remylabitte/.m2/repository/org/jetbrains/annotations/13.0/annotations-13.0.jar:/Users/remylabitte/.m2/repository/com/squareup/retrofit2/converter-gson/2.9.0/converter-gson-2.9.0.jar:/Users/remylabitte/.m2/repository/com/google/code/gson/gson/2.9.1/gson-2.9.1.jar:/Users/remylabitte/.m2/repository/io/swagger/core/v3/swagger-annotations/2.1.10/swagger-annotations-2.1.10.jar:/Users/remylabitte/.m2/repository/org/springdoc/springdoc-openapi-starter-webmvc-ui/2.1.0/springdoc-openapi-starter-webmvc-ui-2.1.0.jar:/Users/remylabitte/.m2/repository/org/springdoc/springdoc-openapi-starter-webmvc-api/2.1.0/springdoc-openapi-starter-webmvc-api-2.1.0.jar:/Users/remylabitte/.m2/repository/org/springdoc/springdoc-openapi-starter-common/2.1.0/springdoc-openapi-starter-common-2.1.0.jar:/Users/remylabitte/.m2/repository/io/swagger/core/v3/swagger-core-jakarta/2.2.9/swagger-core-jakarta-2.2.9.jar:/Users/remylabitte/.m2/repository/org/apache/commons/commons-lang3/3.12.0/commons-lang3-3.12.0.jar:/Users/remylabitte/.m2/repository/io/swagger/core/v3/swagger-annotations-jakarta/2.2.9/swagger-annotations-jakarta-2.2.9.jar:/Users/remylabitte/.m2/repository/io/swagger/core/v3/swagger-models-jakarta/2.2.9/swagger-models-jakarta-2.2.9.jar:/Users/remylabitte/.m2/repository/jakarta/validation/jakarta.validation-api/3.0.2/jakarta.validation-api-3.0.2.jar:/Users/remylabitte/.m2/repository/com/fasterxml/jackson/dataformat/jackson-dataformat-yaml/2.14.2/jackson-dataformat-yaml-2.14.2.jar:/Users/remylabitte/.m2/repository/org/webjars/swagger-ui/4.18.2/swagger-ui-4.18.2.jar:/Users/remylabitte/.m2/repository/org/springframework/boot/spring-boot-starter-thymeleaf/3.0.6/spring-boot-starter-thymeleaf-3.0.6.jar:/Users/remylabitte/.m2/repository/org/thymeleaf/thymeleaf-spring6/3.1.1.RELEASE/thymeleaf-spring6-3.1.1.RELEASE.jar:/Users/remylabitte/.m2/repository/org/thymeleaf/thymeleaf/3.1.1.RELEASE/thymeleaf-3.1.1.RELEASE.jar:/Users/remylabitte/.m2/repository/org/attoparser/attoparser/2.0.6.RELEASE/attoparser-2.0.6.RELEASE.jar:/Users/remylabitte/.m2/repository/org/unbescape/unbescape/1.1.6.RELEASE/unbescape-1.1.6.RELEASE.jar:"/>
    <property name="java.vm.vendor" value="Homebrew"/>
    <property name="sun.arch.data.model" value="64"/>
    <property name="java.vendor.url" value="https://github.com/Homebrew/homebrew-core/issues"/>
    <property name="os.name" value="Mac OS X"/>
    <property name="java.vm.specification.version" value="20"/>
    <property name="sun.java.launcher" value="SUN_STANDARD"/>
    <property name="user.country" value="FR"/>
    <property name="sun.boot.library.path" value="/opt/homebrew/Cellar/openjdk/20.0.1/libexec/openjdk.jdk/Contents/Home/lib"/>
    <property name="sun.java.command" value="/Users/remylabitte/Documents/personnal-workspace/springboot-java-api/target/surefire/surefirebooter1493224719318558396.jar /Users/remylabitte/Documents/personnal-workspace/springboot-java-api/target/surefire 2023-05-05T11-39-08_496-jvmRun1 surefire16720352283537184120tmp surefire_07993304994086309807tmp"/>
    <property name="http.nonProxyHosts" value="local|*.local|169.254/16|*.169.254/16"/>
    <property name="jdk.debug" value="release"/>
    <property name="surefire.test.class.path" value="/Users/remylabitte/Documents/personnal-workspace/springboot-java-api/target/test-classes:/Users/remylabitte/Documents/personnal-workspace/springboot-java-api/target/classes:/Users/remylabitte/.m2/repository/org/springframework/boot/spring-boot-starter-web/3.0.6/spring-boot-starter-web-3.0.6.jar:/Users/remylabitte/.m2/repository/org/springframework/boot/spring-boot-starter/3.0.6/spring-boot-starter-3.0.6.jar:/Users/remylabitte/.m2/repository/org/springframework/boot/spring-boot/3.0.6/spring-boot-3.0.6.jar:/Users/remylabitte/.m2/repository/org/springframework/boot/spring-boot-autoconfigure/3.0.6/spring-boot-autoconfigure-3.0.6.jar:/Users/remylabitte/.m2/repository/org/springframework/boot/spring-boot-starter-logging/3.0.6/spring-boot-starter-logging-3.0.6.jar:/Users/remylabitte/.m2/repository/ch/qos/logback/logback-classic/1.4.7/logback-classic-1.4.7.jar:/Users/remylabitte/.m2/repository/ch/qos/logback/logback-core/1.4.7/logback-core-1.4.7.jar:/Users/remylabitte/.m2/repository/org/apache/logging/log4j/log4j-to-slf4j/2.19.0/log4j-to-slf4j-2.19.0.jar:/Users/remylabitte/.m2/repository/org/apache/logging/log4j/log4j-api/2.19.0/log4j-api-2.19.0.jar:/Users/remylabitte/.m2/repository/org/slf4j/jul-to-slf4j/2.0.7/jul-to-slf4j-2.0.7.jar:/Users/remylabitte/.m2/repository/jakarta/annotation/jakarta.annotation-api/2.1.1/jakarta.annotation-api-2.1.1.jar:/Users/remylabitte/.m2/repository/org/yaml/snakeyaml/1.33/snakeyaml-1.33.jar:/Users/remylabitte/.m2/repository/org/springframework/boot/spring-boot-starter-json/3.0.6/spring-boot-starter-json-3.0.6.jar:/Users/remylabitte/.m2/repository/com/fasterxml/jackson/core/jackson-databind/2.14.2/jackson-databind-2.14.2.jar:/Users/remylabitte/.m2/repository/com/fasterxml/jackson/core/jackson-annotations/2.14.2/jackson-annotations-2.14.2.jar:/Users/remylabitte/.m2/repository/com/fasterxml/jackson/core/jackson-core/2.14.2/jackson-core-2.14.2.jar:/Users/remylabitte/.m2/repository/com/fasterxml/jackson/datatype/jackson-datatype-jdk8/2.14.2/jackson-datatype-jdk8-2.14.2.jar:/Users/remylabitte/.m2/repository/com/fasterxml/jackson/datatype/jackson-datatype-jsr310/2.14.2/jackson-datatype-jsr310-2.14.2.jar:/Users/remylabitte/.m2/repository/com/fasterxml/jackson/module/jackson-module-parameter-names/2.14.2/jackson-module-parameter-names-2.14.2.jar:/Users/remylabitte/.m2/repository/org/springframework/boot/spring-boot-starter-tomcat/3.0.6/spring-boot-starter-tomcat-3.0.6.jar:/Users/remylabitte/.m2/repository/org/apache/tomcat/embed/tomcat-embed-core/10.1.8/tomcat-embed-core-10.1.8.jar:/Users/remylabitte/.m2/repository/org/apache/tomcat/embed/tomcat-embed-el/10.1.8/tomcat-embed-el-10.1.8.jar:/Users/remylabitte/.m2/repository/org/apache/tomcat/embed/tomcat-embed-websocket/10.1.8/tomcat-embed-websocket-10.1.8.jar:/Users/remylabitte/.m2/repository/org/springframework/spring-web/6.0.8/spring-web-6.0.8.jar:/Users/remylabitte/.m2/repository/org/springframework/spring-beans/6.0.8/spring-beans-6.0.8.jar:/Users/remylabitte/.m2/repository/io/micrometer/micrometer-observation/1.10.6/micrometer-observation-1.10.6.jar:/Users/remylabitte/.m2/repository/io/micrometer/micrometer-commons/1.10.6/micrometer-commons-1.10.6.jar:/Users/remylabitte/.m2/repository/org/springframework/spring-webmvc/6.0.8/spring-webmvc-6.0.8.jar:/Users/remylabitte/.m2/repository/org/springframework/spring-aop/6.0.8/spring-aop-6.0.8.jar:/Users/remylabitte/.m2/repository/org/springframework/spring-context/6.0.8/spring-context-6.0.8.jar:/Users/remylabitte/.m2/repository/org/springframework/spring-expression/6.0.8/spring-expression-6.0.8.jar:/Users/remylabitte/.m2/repository/org/projectlombok/lombok/1.18.26/lombok-1.18.26.jar:/Users/remylabitte/.m2/repository/org/springframework/boot/spring-boot-starter-test/3.0.6/spring-boot-starter-test-3.0.6.jar:/Users/remylabitte/.m2/repository/org/springframework/boot/spring-boot-test/3.0.6/spring-boot-test-3.0.6.jar:/Users/remylabitte/.m2/repository/org/springframework/boot/spring-boot-test-autoconfigure/3.0.6/spring-boot-test-autoconfigure-3.0.6.jar:/Users/remylabitte/.m2/repository/com/jayway/jsonpath/json-path/2.7.0/json-path-2.7.0.jar:/Users/remylabitte/.m2/repository/net/minidev/json-smart/2.4.10/json-smart-2.4.10.jar:/Users/remylabitte/.m2/repository/net/minidev/accessors-smart/2.4.9/accessors-smart-2.4.9.jar:/Users/remylabitte/.m2/repository/org/ow2/asm/asm/9.3/asm-9.3.jar:/Users/remylabitte/.m2/repository/org/slf4j/slf4j-api/2.0.7/slf4j-api-2.0.7.jar:/Users/remylabitte/.m2/repository/jakarta/xml/bind/jakarta.xml.bind-api/4.0.0/jakarta.xml.bind-api-4.0.0.jar:/Users/remylabitte/.m2/repository/jakarta/activation/jakarta.activation-api/2.1.1/jakarta.activation-api-2.1.1.jar:/Users/remylabitte/.m2/repository/org/assertj/assertj-core/3.23.1/assertj-core-3.23.1.jar:/Users/remylabitte/.m2/repository/net/bytebuddy/byte-buddy/1.12.23/byte-buddy-1.12.23.jar:/Users/remylabitte/.m2/repository/org/hamcrest/hamcrest/2.2/hamcrest-2.2.jar:/Users/remylabitte/.m2/repository/org/junit/jupiter/junit-jupiter/5.9.2/junit-jupiter-5.9.2.jar:/Users/remylabitte/.m2/repository/org/junit/jupiter/junit-jupiter-api/5.9.2/junit-jupiter-api-5.9.2.jar:/Users/remylabitte/.m2/repository/org/opentest4j/opentest4j/1.2.0/opentest4j-1.2.0.jar:/Users/remylabitte/.m2/repository/org/junit/platform/junit-platform-commons/1.9.2/junit-platform-commons-1.9.2.jar:/Users/remylabitte/.m2/repository/org/apiguardian/apiguardian-api/1.1.2/apiguardian-api-1.1.2.jar:/Users/remylabitte/.m2/repository/org/junit/jupiter/junit-jupiter-params/5.9.2/junit-jupiter-params-5.9.2.jar:/Users/remylabitte/.m2/repository/org/junit/jupiter/junit-jupiter-engine/5.9.2/junit-jupiter-engine-5.9.2.jar:/Users/remylabitte/.m2/repository/org/junit/platform/junit-platform-engine/1.9.2/junit-platform-engine-1.9.2.jar:/Users/remylabitte/.m2/repository/org/mockito/mockito-core/4.8.1/mockito-core-4.8.1.jar:/Users/remylabitte/.m2/repository/net/bytebuddy/byte-buddy-agent/1.12.23/byte-buddy-agent-1.12.23.jar:/Users/remylabitte/.m2/repository/org/objenesis/objenesis/3.2/objenesis-3.2.jar:/Users/remylabitte/.m2/repository/org/mockito/mockito-junit-jupiter/4.8.1/mockito-junit-jupiter-4.8.1.jar:/Users/remylabitte/.m2/repository/org/skyscreamer/jsonassert/1.5.1/jsonassert-1.5.1.jar:/Users/remylabitte/.m2/repository/com/vaadin/external/google/android-json/0.0.20131108.vaadin1/android-json-0.0.20131108.vaadin1.jar:/Users/remylabitte/.m2/repository/org/springframework/spring-core/6.0.8/spring-core-6.0.8.jar:/Users/remylabitte/.m2/repository/org/springframework/spring-jcl/6.0.8/spring-jcl-6.0.8.jar:/Users/remylabitte/.m2/repository/org/springframework/spring-test/6.0.8/spring-test-6.0.8.jar:/Users/remylabitte/.m2/repository/org/xmlunit/xmlunit-core/2.9.1/xmlunit-core-2.9.1.jar:/Users/remylabitte/.m2/repository/com/squareup/retrofit2/retrofit/2.9.0/retrofit-2.9.0.jar:/Users/remylabitte/.m2/repository/com/squareup/okhttp3/okhttp/4.10.0/okhttp-4.10.0.jar:/Users/remylabitte/.m2/repository/com/squareup/okio/okio-jvm/3.0.0/okio-jvm-3.0.0.jar:/Users/remylabitte/.m2/repository/org/jetbrains/kotlin/kotlin-stdlib-jdk8/1.7.22/kotlin-stdlib-jdk8-1.7.22.jar:/Users/remylabitte/.m2/repository/org/jetbrains/kotlin/kotlin-stdlib-jdk7/1.7.22/kotlin-stdlib-jdk7-1.7.22.jar:/Users/remylabitte/.m2/repository/org/jetbrains/kotlin/kotlin-stdlib-common/1.7.22/kotlin-stdlib-common-1.7.22.jar:/Users/remylabitte/.m2/repository/org/jetbrains/kotlin/kotlin-stdlib/1.7.22/kotlin-stdlib-1.7.22.jar:/Users/remylabitte/.m2/repository/org/jetbrains/annotations/13.0/annotations-13.0.jar:/Users/remylabitte/.m2/repository/com/squareup/retrofit2/converter-gson/2.9.0/converter-gson-2.9.0.jar:/Users/remylabitte/.m2/repository/com/google/code/gson/gson/2.9.1/gson-2.9.1.jar:/Users/remylabitte/.m2/repository/io/swagger/core/v3/swagger-annotations/2.1.10/swagger-annotations-2.1.10.jar:/Users/remylabitte/.m2/repository/org/springdoc/springdoc-openapi-starter-webmvc-ui/2.1.0/springdoc-openapi-starter-webmvc-ui-2.1.0.jar:/Users/remylabitte/.m2/repository/org/springdoc/springdoc-openapi-starter-webmvc-api/2.1.0/springdoc-openapi-starter-webmvc-api-2.1.0.jar:/Users/remylabitte/.m2/repository/org/springdoc/springdoc-openapi-starter-common/2.1.0/springdoc-openapi-starter-common-2.1.0.jar:/Users/remylabitte/.m2/repository/io/swagger/core/v3/swagger-core-jakarta/2.2.9/swagger-core-jakarta-2.2.9.jar:/Users/remylabitte/.m2/repository/org/apache/commons/commons-lang3/3.12.0/commons-lang3-3.12.0.jar:/Users/remylabitte/.m2/repository/io/swagger/core/v3/swagger-annotations-jakarta/2.2.9/swagger-annotations-jakarta-2.2.9.jar:/Users/remylabitte/.m2/repository/io/swagger/core/v3/swagger-models-jakarta/2.2.9/swagger-models-jakarta-2.2.9.jar:/Users/remylabitte/.m2/repository/jakarta/validation/jakarta.validation-api/3.0.2/jakarta.validation-api-3.0.2.jar:/Users/remylabitte/.m2/repository/com/fasterxml/jackson/dataformat/jackson-dataformat-yaml/2.14.2/jackson-dataformat-yaml-2.14.2.jar:/Users/remylabitte/.m2/repository/org/webjars/swagger-ui/4.18.2/swagger-ui-4.18.2.jar:/Users/remylabitte/.m2/repository/org/springframework/boot/spring-boot-starter-thymeleaf/3.0.6/spring-boot-starter-thymeleaf-3.0.6.jar:/Users/remylabitte/.m2/repository/org/thymeleaf/thymeleaf-spring6/3.1.1.RELEASE/thymeleaf-spring6-3.1.1.RELEASE.jar:/Users/remylabitte/.m2/repository/org/thymeleaf/thymeleaf/3.1.1.RELEASE/thymeleaf-3.1.1.RELEASE.jar:/Users/remylabitte/.m2/repository/org/attoparser/attoparser/2.0.6.RELEASE/attoparser-2.0.6.RELEASE.jar:/Users/remylabitte/.m2/repository/org/unbescape/unbescape/1.1.6.RELEASE/unbescape-1.1.6.RELEASE.jar:"/>
    <property name="sun.cpu.endian" value="little"/>
    <property name="user.home" value="/Users/remylabitte"/>
    <property name="user.language" value="fr"/>
    <property name="java.specification.vendor" value="Oracle Corporation"/>
    <property name="java.version.date" value="2023-04-18"/>
    <property name="java.home" value="/opt/homebrew/Cellar/openjdk/20.0.1/libexec/openjdk.jdk/Contents/Home"/>
    <property name="file.separator" value="/"/>
    <property name="basedir" value="/Users/remylabitte/Documents/personnal-workspace/springboot-java-api"/>
    <property name="java.vm.compressedOopsMode" value="Zero based"/>
    <property name="line.separator" value="&#10;"/>
    <property name="java.vm.specification.vendor" value="Oracle Corporation"/>
    <property name="java.specification.name" value="Java Platform API Specification"/>
    <property name="apple.awt.application.name" value="ForkedBooter"/>
    <property name="surefire.real.class.path" value="/Users/remylabitte/Documents/personnal-workspace/springboot-java-api/target/surefire/surefirebooter1493224719318558396.jar"/>
    <property name="sun.management.compiler" value="HotSpot 64-Bit Tiered Compilers"/>
    <property name="ftp.nonProxyHosts" value="local|*.local|169.254/16|*.169.254/16"/>
    <property name="java.runtime.version" value="20.0.1"/>
    <property name="user.name" value="remylabitte"/>
    <property name="stdout.encoding" value="UTF-8"/>
    <property name="path.separator" value=":"/>
    <property name="os.version" value="13.0"/>
    <property name="java.runtime.name" value="OpenJDK Runtime Environment"/>
    <property name="file.encoding" value="UTF-8"/>
    <property name="java.vm.name" value="OpenJDK 64-Bit Server VM"/>
    <property name="java.vendor.version" value="Homebrew"/>
    <property name="localRepository" value="/Users/remylabitte/.m2/repository"/>
    <property name="java.vendor.url.bug" value="https://github.com/Homebrew/homebrew-core/issues"/>
    <property name="java.io.tmpdir" value="/var/folders/rr/y0b5rcq51rx26x3mq6s_y7r40000gn/T/"/>
    <property name="idea.version" value="2023.1.1"/>
    <property name="java.version" value="20.0.1"/>
    <property name="user.dir" value="/Users/remylabitte/Documents/personnal-workspace/springboot-java-api"/>
    <property name="os.arch" value="aarch64"/>
    <property name="java.vm.specification.name" value="Java Virtual Machine Specification"/>
    <property name="native.encoding" value="UTF-8"/>
    <property name="java.library.path" value="/Users/remylabitte/Library/Java/Extensions:/Library/Java/Extensions:/Network/Library/Java/Extensions:/System/Library/Java/Extensions:/usr/lib/java:."/>
    <property name="java.vm.info" value="mixed mode, sharing"/>
    <property name="stderr.encoding" value="UTF-8"/>
    <property name="java.vendor" value="Homebrew"/>
    <property name="java.vm.version" value="20.0.1"/>
    <property name="sun.io.unicode.encoding" value="UnicodeBig"/>
    <property name="socksNonProxyHosts" value="local|*.local|169.254/16|*.169.254/16"/>
    <property name="java.class.version" value="64.0"/>
  </properties>
  <testcase name="contextLoads" classname="com.example.demo.DemoApplicationTests" time="0.197"/>
</testsuite>